11:11:37: Creating resource group General
11:11:37: Creating resource group Internal
11:11:37: Creating resource group Autodetect
11:11:37: SceneManagerFactory for type 'DefaultSceneManager' registered.
11:11:37: Registering ResourceManager for type Material
11:11:37: Registering ResourceManager for type Mesh
11:11:37: Registering ResourceManager for type Skeleton
11:11:37: MovableObjectFactory for type 'ParticleSystem' registered.
11:11:37: ArchiveFactory for archive type FileSystem registered.
11:11:37: ArchiveFactory for archive type Zip registered.
11:11:37: ArchiveFactory for archive type EmbeddedZip registered.
11:11:37: DDS codec registering
11:11:37: ETC codec registering
11:11:37: stb_image - v2.15 - public domain JPEG/PNG reader
11:11:37: Supported formats: jpeg,jpg,png,bmp,psd,tga,gif,pic,ppm,pgm,hdr
11:11:37: Registering ResourceManager for type HighLevelGpuProgram
11:11:37: Registering ResourceManager for type Compositor
11:11:37: MovableObjectFactory for type 'Entity' registered.
11:11:37: MovableObjectFactory for type 'Light' registered.
11:11:37: MovableObjectFactory for type 'BillboardSet' registered.
11:11:37: MovableObjectFactory for type 'ManualObject' registered.
11:11:37: MovableObjectFactory for type 'BillboardChain' registered.
11:11:37: MovableObjectFactory for type 'RibbonTrail' registered.
11:11:37: FileNotFoundException: 'plugins_d.cfg' file not found! in ConfigFile::load at C:\hlocal\ProyectoPrueba\Pprueba\Dependencies\Ogre\OgreMain\src\OgreConfigFile.cpp (line 74)
11:11:37: plugins_d.cfg not found, automatic plugin loading disabled.
11:11:37: *-*-* OGRE Initialising
11:11:37: *-*-* Version 1.10.11 (Xalafu)
11:11:37: *-*-* OGRE Shutdown
11:11:37: Unregistering ResourceManager for type Compositor
11:11:37: Unregistering ResourceManager for type Skeleton
11:11:37: Unregistering ResourceManager for type Mesh
11:11:37: Unregistering ResourceManager for type HighLevelGpuProgram
11:11:37: Unregistering ResourceManager for type Material
